This file contains any messages produced by compilers while
running configure, to aid debugging if configure makes a mistake.

It was created by PL/php configure 1.4dev, which was
generated by GNU Autoconf 2.69.  Invocation command line was

  $ ./configure --with-postgres=.pgenv/src/postgresql-18.3

## --------- ##
## Platform. ##
## --------- ##

hostname = alma.localdomain
uname -m = x86_64
uname -r = 5.14.0-611.35.1.el9_7.x86_64
uname -s = Linux
uname -v = #1 SMP PREEMPT_DYNAMIC Wed Feb 25 03:46:09 EST 2026

/usr/bin/uname -p = x86_64
/bin/uname -X     = unknown

/bin/arch              = x86_64
/usr/bin/arch -k       = unknown
/usr/convex/getsysinfo = unknown
/usr/bin/hostinfo      = unknown
/bin/machine           = unknown
/usr/bin/oslevel       = unknown
/bin/universe          = unknown

PATH: /home/pierre/.nvm/versions/node/v24.1.0/bin
PATH: /usr/local/openssl/bin
PATH: /usr/lib/oracle/23/client64/bin
PATH: /home/pierre/.npm-global/bin
PATH: /home/pierre/anaconda3/bin
PATH: /home/pierre/exe
PATH: /home/pierre/.pgenv/bin
PATH: /home/pierre/.pgenv/pgsql/bin
PATH: /home/pierre/.cargo/bin
PATH: /home/pierre/anaconda3/bin
PATH: /home/pierre/.local/bin
PATH: /home/pierre/bin
PATH: /usr/share/Modules/bin
PATH: /usr/local/bin
PATH: /usr/local/sbin
PATH: /usr/bin
PATH: /usr/sbin
PATH: /opt/sdb/MaxDB/bin
PATH: /var/lib/snapd/snap/bin


## ----------- ##
## Core tests. ##
## ----------- ##

configure:2216: checking for gcc
configure:2232: found /usr/bin/gcc
configure:2243: result: gcc
configure:2472: checking for C compiler version
configure:2481: gcc --version >&5
gcc (GCC) 11.5.0 20240719 (Red Hat 11.5.0-11)
Copyright (C) 2021 Free Software Foundation, Inc.
This is free software; see the source for copying conditions.  There is NO
warranty; not even for MERCHANTABILITY or FITNESS FOR A PARTICULAR PURPOSE.

configure:2492: $? = 0
configure:2481: gcc -v >&5
Using built-in specs.
COLLECT_GCC=gcc
COLLECT_LTO_WRAPPER=/usr/libexec/gcc/x86_64-redhat-linux/11/lto-wrapper
OFFLOAD_TARGET_NAMES=nvptx-none
OFFLOAD_TARGET_DEFAULT=1
Target: x86_64-redhat-linux
Configured with: ../configure --enable-bootstrap --enable-host-pie --enable-host-bind-now --enable-languages=c,c++,fortran,lto --prefix=/usr --mandir=/usr/share/man --infodir=/usr/share/info --with-bugurl=http://bugs.almalinux.org/ --enable-shared --enable-threads=posix --enable-checking=release --with-system-zlib --enable-__cxa_atexit --disable-libunwind-exceptions --enable-gnu-unique-object --enable-linker-build-id --with-gcc-major-version-only --enable-plugin --enable-initfini-array --without-isl --enable-multilib --with-linker-hash-style=gnu --enable-offload-targets=nvptx-none --without-cuda-driver --enable-gnu-indirect-function --enable-cet --with-tune=generic --with-arch_64=x86-64-v2 --with-arch_32=x86-64 --build=x86_64-redhat-linux --with-build-config=bootstrap-lto --enable-link-serialization=1
Thread model: posix
Supported LTO compression algorithms: zlib zstd
gcc version 11.5.0 20240719 (Red Hat 11.5.0-11) (GCC) 
... rest of stderr output deleted ...
configure:2492: $? = 0
configure:2481: gcc -V >&5
gcc: error: unrecognized command-line option '-V'
gcc: fatal error: no input files
compilation terminated.
configure:2492: $? = 1
configure:2481: gcc -qversion >&5
gcc: error: unrecognized command-line option '-qversion'; did you mean '--version'?
gcc: fatal error: no input files
compilation terminated.
configure:2492: $? = 1
configure:2512: checking whether the C compiler works
configure:2534: gcc    conftest.c  >&5
configure:2538: $? = 0
configure:2586: result: yes
configure:2589: checking for C compiler default output file name
configure:2591: result: a.out
configure:2597: checking for suffix of executables
configure:2604: gcc -o conftest    conftest.c  >&5
configure:2608: $? = 0
configure:2630: result: 
configure:2652: checking whether we are cross compiling
configure:2660: gcc -o conftest    conftest.c  >&5
configure:2664: $? = 0
configure:2671: ./conftest
configure:2675: $? = 0
configure:2690: result: no
configure:2695: checking for suffix of object files
configure:2717: gcc -c   conftest.c >&5
configure:2721: $? = 0
configure:2742: result: o
configure:2746: checking whether we are using the GNU C compiler
configure:2765: gcc -c   conftest.c >&5
configure:2765: $? = 0
configure:2774: result: yes
configure:2783: checking whether gcc accepts -g
configure:2803: gcc -c -g  conftest.c >&5
configure:2803: $? = 0
configure:2844: result: yes
configure:2861: checking for gcc option to accept ISO C89
configure:2924: gcc  -c -g -O2  conftest.c >&5
configure:2924: $? = 0
configure:2937: result: none needed
configure:2961: checking for gawk
configure:2977: found /usr/bin/gawk
configure:2988: result: gawk
configure:2999: checking for grep that handles long lines and -e
configure:3057: result: /usr/bin/grep
configure:3087: checking how to run the C preprocessor
configure:3118: gcc -E  conftest.c
configure:3118: $? = 0
configure:3132: gcc -E  conftest.c
conftest.c:9:10: fatal error: ac_nonexistent.h: No such file or directory
    9 | #include <ac_nonexistent.h>
      |          ^~~~~~~~~~~~~~~~~~
compilation terminated.
configure:3132: $? = 1
configure: failed program was:
| /* confdefs.h */
| #define PACKAGE_NAME "PL/php"
| #define PACKAGE_TARNAME "pl-php"
| #define PACKAGE_VERSION "1.4dev"
| #define PACKAGE_STRING "PL/php 1.4dev"
| #define PACKAGE_BUGREPORT "plphp@lists.commandprompt.com"
| #define PACKAGE_URL ""
| /* end confdefs.h.  */
| #include <ac_nonexistent.h>
configure:3157: result: gcc -E
configure:3177: gcc -E  conftest.c
configure:3177: $? = 0
configure:3191: gcc -E  conftest.c
conftest.c:9:10: fatal error: ac_nonexistent.h: No such file or directory
    9 | #include <ac_nonexistent.h>
      |          ^~~~~~~~~~~~~~~~~~
compilation terminated.
configure:3191: $? = 1
configure: failed program was:
| /* confdefs.h */
| #define PACKAGE_NAME "PL/php"
| #define PACKAGE_TARNAME "pl-php"
| #define PACKAGE_VERSION "1.4dev"
| #define PACKAGE_STRING "PL/php 1.4dev"
| #define PACKAGE_BUGREPORT "plphp@lists.commandprompt.com"
| #define PACKAGE_URL ""
| /* end confdefs.h.  */
| #include <ac_nonexistent.h>
configure:3220: checking for egrep
configure:3282: result: /usr/bin/grep -E
configure:3287: checking for ANSI C header files
configure:3307: gcc -c -g -O2  conftest.c >&5
configure:3307: $? = 0
configure:3380: gcc -o conftest -g -O2   conftest.c  >&5
configure:3380: $? = 0
configure:3380: ./conftest
configure:3380: $? = 0
configure:3391: result: yes
configure:3404: checking for sys/types.h
configure:3404: gcc -c -g -O2  conftest.c >&5
configure:3404: $? = 0
configure:3404: result: yes
configure:3404: checking for sys/stat.h
configure:3404: gcc -c -g -O2  conftest.c >&5
configure:3404: $? = 0
configure:3404: result: yes
configure:3404: checking for stdlib.h
configure:3404: gcc -c -g -O2  conftest.c >&5
configure:3404: $? = 0
configure:3404: result: yes
configure:3404: checking for string.h
configure:3404: gcc -c -g -O2  conftest.c >&5
configure:3404: $? = 0
configure:3404: result: yes
configure:3404: checking for memory.h
configure:3404: gcc -c -g -O2  conftest.c >&5
configure:3404: $? = 0
configure:3404: result: yes
configure:3404: checking for strings.h
configure:3404: gcc -c -g -O2  conftest.c >&5
configure:3404: $? = 0
configure:3404: result: yes
configure:3404: checking for inttypes.h
configure:3404: gcc -c -g -O2  conftest.c >&5
configure:3404: $? = 0
configure:3404: result: yes
configure:3404: checking for stdint.h
configure:3404: gcc -c -g -O2  conftest.c >&5
configure:3404: $? = 0
configure:3404: result: yes
configure:3404: checking for unistd.h
configure:3404: gcc -c -g -O2  conftest.c >&5
configure:3404: $? = 0
configure:3404: result: yes
configure:3419: checking fcntl.h usability
configure:3419: gcc -c -g -O2  conftest.c >&5
configure:3419: $? = 0
configure:3419: result: yes
configure:3419: checking fcntl.h presence
configure:3419: gcc -E  conftest.c
configure:3419: $? = 0
configure:3419: result: yes
configure:3419: checking for fcntl.h
configure:3419: result: yes
configure:3419: checking for unistd.h
configure:3419: result: yes
configure:3431: checking for an ANSI C-conforming const
configure:3497: gcc -c -g -O2  conftest.c >&5
configure:3497: $? = 0
configure:3504: result: yes
configure:3517: checking for strcasecmp
configure:3517: gcc -o conftest -g -O2   conftest.c  >&5
conftest.c:44:6: warning: conflicting types for built-in function 'strcasecmp'; expected 'int(const char *, const char *)' [-Wbuiltin-declaration-mismatch]
   44 | char strcasecmp ();
      |      ^~~~~~~~~~
configure:3517: $? = 0
configure:3517: result: yes
configure:3517: checking for strdup
configure:3517: gcc -o conftest -g -O2   conftest.c  >&5
conftest.c:45:6: warning: conflicting types for built-in function 'strdup'; expected 'char *(const char *)' [-Wbuiltin-declaration-mismatch]
   45 | char strdup ();
      |      ^~~~~~
configure:3517: $? = 0
configure:3517: result: yes
configure:3527: checking whether to build with debug information
configure:3534: result: no
configure:3541: checking for pg_config
configure:3560: found /home/pierre/.pgenv/pgsql/bin/pg_config
configure:3572: result: /home/pierre/.pgenv/pgsql/bin/pg_config
configure:3587: checking for /home/pierre/.pgenv/pgsql-18.3/lib/pgxs/src/makefiles/pgxs.mk
configure:3601: result: yes
configure:3613: checking for PostgreSQL version
configure:3618: result: 18.3
configure:3648: checking for php-config
configure:3667: found /usr/local/bin/php-config
configure:3679: result: /usr/local/bin/php-config
configure:3701: checking whether ZTS is declared
configure:3701: gcc -c -g -O2  -I/usr/local/include/php -I/usr/local/include/php/main -I/usr/local/include/php/TSRM -I/usr/local/include/php/Zend -I/usr/local/include/php/ext -I/usr/local/include/php/ext/date/lib conftest.c >&5
conftest.c: In function 'main':
conftest.c:34:10: error: 'ZTS' undeclared (first use in this function)
   34 |   (void) ZTS;
      |          ^~~
conftest.c:34:10: note: each undeclared identifier is reported only once for each function it appears in
configure:3701: $? = 1
configure: failed program was:
| /* confdefs.h */
| #define PACKAGE_NAME "PL/php"
| #define PACKAGE_TARNAME "pl-php"
| #define PACKAGE_VERSION "1.4dev"
| #define PACKAGE_STRING "PL/php 1.4dev"
| #define PACKAGE_BUGREPORT "plphp@lists.commandprompt.com"
| #define PACKAGE_URL ""
| #define STDC_HEADERS 1
| #define HAVE_SYS_TYPES_H 1
| #define HAVE_SYS_STAT_H 1
| #define HAVE_STDLIB_H 1
| #define HAVE_STRING_H 1
| #define HAVE_MEMORY_H 1
| #define HAVE_STRINGS_H 1
| #define HAVE_INTTYPES_H 1
| #define HAVE_STDINT_H 1
| #define HAVE_UNISTD_H 1
| #define HAVE_FCNTL_H 1
| #define HAVE_UNISTD_H 1
| #define HAVE_STRCASECMP 1
| #define HAVE_STRDUP 1
| #define PG_MAJOR_VERSION 18
| #define PG_MINOR_VERSION 3
| /* end confdefs.h.  */
|  #include "php_config.h"
| 
| int
| main ()
| {
| #ifndef ZTS
| #ifdef __cplusplus
|   (void) ZTS;
| #else
|   (void) ZTS;
| #endif
| #endif
| 
|   ;
|   return 0;
| }
configure:3701: result: no
configure:3714: checking whether PHP is compiled with the Embed SAPI
configure:3722: result: yes
configure:3730: checking for php_module_startup in -lphp
configure:3755: gcc -o conftest -g -O2  -I/usr/local/include/php -I/usr/local/include/php/main -I/usr/local/include/php/TSRM -I/usr/local/include/php/Zend -I/usr/local/include/php/ext -I/usr/local/include/php/ext/date/lib   -L/usr/local/lib conftest.c -lphp   -lm -lxml2 -lsqlite3 -lxml2 -lsqlite3 -lxml2 -lxml2 -lxml2 -lxml2 >&5
configure:3755: $? = 0
configure:3764: result: yes
configure:3890: creating ./config.status

## ---------------------- ##
## Running config.status. ##
## ---------------------- ##

This file was extended by PL/php config.status 1.4dev, which was
generated by GNU Autoconf 2.69.  Invocation command line was

  CONFIG_FILES    = 
  CONFIG_HEADERS  = 
  CONFIG_LINKS    = 
  CONFIG_COMMANDS = 
  $ ./config.status 

on alma.localdomain

config.status:811: creating Makefile
config.status:811: creating config.h

## ---------------- ##
## Cache variables. ##
## ---------------- ##

ac_cv_c_compiler_gnu=yes
ac_cv_c_const=yes
ac_cv_env_CC_set=
ac_cv_env_CC_value=
ac_cv_env_CFLAGS_set=
ac_cv_env_CFLAGS_value=
ac_cv_env_CPPFLAGS_set=
ac_cv_env_CPPFLAGS_value=
ac_cv_env_CPP_set=
ac_cv_env_CPP_value=
ac_cv_env_LDFLAGS_set=
ac_cv_env_LDFLAGS_value=
ac_cv_env_LIBS_set=
ac_cv_env_LIBS_value=
ac_cv_env_build_alias_set=
ac_cv_env_build_alias_value=
ac_cv_env_host_alias_set=
ac_cv_env_host_alias_value=
ac_cv_env_target_alias_set=
ac_cv_env_target_alias_value=
ac_cv_file__home_pierre__pgenv_pgsql_18_3_lib_pgxs_src_makefiles_pgxs_mk=yes
ac_cv_func_strcasecmp=yes
ac_cv_func_strdup=yes
ac_cv_have_decl_ZTS=no
ac_cv_header_fcntl_h=yes
ac_cv_header_inttypes_h=yes
ac_cv_header_memory_h=yes
ac_cv_header_stdc=yes
ac_cv_header_stdint_h=yes
ac_cv_header_stdlib_h=yes
ac_cv_header_string_h=yes
ac_cv_header_strings_h=yes
ac_cv_header_sys_stat_h=yes
ac_cv_header_sys_types_h=yes
ac_cv_header_unistd_h=yes
ac_cv_lib_php_php_module_startup=yes
ac_cv_objext=o
ac_cv_path_EGREP='/usr/bin/grep -E'
ac_cv_path_GREP=/usr/bin/grep
ac_cv_path_PG_CONFIG=/home/pierre/.pgenv/pgsql/bin/pg_config
ac_cv_path_PHP_CONFIG=/usr/local/bin/php-config
ac_cv_prog_AWK=gawk
ac_cv_prog_CPP='gcc -E'
ac_cv_prog_ac_ct_CC=gcc
ac_cv_prog_cc_c89=
ac_cv_prog_cc_g=yes

## ----------------- ##
## Output variables. ##
## ----------------- ##

AWK='gawk'
CC='gcc'
CFLAGS='-g -O2'
CPP='gcc -E'
CPPFLAGS=' -I/usr/local/include/php -I/usr/local/include/php/main -I/usr/local/include/php/TSRM -I/usr/local/include/php/Zend -I/usr/local/include/php/ext -I/usr/local/include/php/ext/date/lib'
DEFS='-DHAVE_CONFIG_H'
ECHO_C=''
ECHO_N='-n'
ECHO_T=''
EGREP='/usr/bin/grep -E'
EXEEXT=''
GREP='/usr/bin/grep'
LDFLAGS='  -L/usr/local/lib'
LIBOBJS=''
LIBS='-lphp  -lm -lxml2 -lsqlite3 -lxml2 -lsqlite3 -lxml2 -lxml2 -lxml2 -lxml2'
LTLIBOBJS=''
OBJEXT='o'
PACKAGE_BUGREPORT='plphp@lists.commandprompt.com'
PACKAGE_NAME='PL/php'
PACKAGE_STRING='PL/php 1.4dev'
PACKAGE_TARNAME='pl-php'
PACKAGE_URL=''
PACKAGE_VERSION='1.4dev'
PATH_SEPARATOR=':'
PGXS='/home/pierre/.pgenv/pgsql-18.3/lib/pgxs/src/makefiles/pgxs.mk'
PG_CONFIG='/home/pierre/.pgenv/pgsql/bin/pg_config'
PHP_CONFIG='/usr/local/bin/php-config'
SHELL='/bin/sh'
ac_ct_CC='gcc'
bindir='${exec_prefix}/bin'
build_alias=''
datadir='${datarootdir}'
datarootdir='${prefix}/share'
docdir='${datarootdir}/doc/${PACKAGE_TARNAME}'
dvidir='${docdir}'
exec_prefix='${prefix}'
host_alias=''
htmldir='${docdir}'
includedir='${prefix}/include'
infodir='${datarootdir}/info'
libdir='${exec_prefix}/lib'
libexecdir='${exec_prefix}/libexec'
localedir='${datarootdir}/locale'
localstatedir='${prefix}/var'
mandir='${datarootdir}/man'
oldincludedir='/usr/include'
pdfdir='${docdir}'
prefix='/usr/local'
program_transform_name='s,x,x,'
psdir='${docdir}'
runstatedir='${localstatedir}/run'
sbindir='${exec_prefix}/sbin'
sharedstatedir='${prefix}/com'
sysconfdir='${prefix}/etc'
target_alias=''

## ----------- ##
## confdefs.h. ##
## ----------- ##

/* confdefs.h */
#define PACKAGE_NAME "PL/php"
#define PACKAGE_TARNAME "pl-php"
#define PACKAGE_VERSION "1.4dev"
#define PACKAGE_STRING "PL/php 1.4dev"
#define PACKAGE_BUGREPORT "plphp@lists.commandprompt.com"
#define PACKAGE_URL ""
#define STDC_HEADERS 1
#define HAVE_SYS_TYPES_H 1
#define HAVE_SYS_STAT_H 1
#define HAVE_STDLIB_H 1
#define HAVE_STRING_H 1
#define HAVE_MEMORY_H 1
#define HAVE_STRINGS_H 1
#define HAVE_INTTYPES_H 1
#define HAVE_STDINT_H 1
#define HAVE_UNISTD_H 1
#define HAVE_FCNTL_H 1
#define HAVE_UNISTD_H 1
#define HAVE_STRCASECMP 1
#define HAVE_STRDUP 1
#define PG_MAJOR_VERSION 18
#define PG_MINOR_VERSION 3
#define HAVE_LIBPHP 1

configure: exit 0
